<?xml version="1.0" encoding="UTF-8"?>
<testsuite xmlns:xsi="http://www.w3.org/2001/XMLSchema-instance" xsi:noNamespaceSchemaLocation="https://maven.apache.org/surefire/maven-surefire-plugin/xsd/surefire-test-report-3.0.xsd" version="3.0" name="LoginTest" time="0.133" tests="12" errors="0" skipped="0" failures="0">
  <properties>
[...]
</properties>
  <testcase name="testRegisterUsernameFailMessage" classname="LoginTest" time="0.045"/>
  <testcase name="testCellIncorrect" classname="LoginTest" time="0.004"/>
  <testcase name="testLoginSuccess" classname="LoginTest" time="0.003"/>
  <testcase name="testLoginFail" classname="LoginTest" time="0.003"/>
  <testcase name="testCellCorrect" classname="LoginTest" time="0.001"/>
  <testcase name="testPasswordCorrect" classname="LoginTest" time="0.002"/>
  <testcase name="testRegisterCellFailMessage" classname="LoginTest" time="0.002"/>
  <testcase name="testUsernameIncorrect" classname="LoginTest" time="0.002"/>
  <testcase name="testPasswordIncorrect" classname="LoginTest" time="0.001"/>
  <testcase name="testRegisterPasswordFailMessage" classname="LoginTest" time="0.001"/>
  <testcase name="testUsernameCorrect" classname="LoginTest" time="0.001"/>
  <testcase name="testRegisterSuccessMessage" classname="LoginTest" time="0.003"/>
</testsuite>